<?xml version="1.0" encoding="UTF-8"?>
<!-- Generated by org.testng.reporters.JUnitXMLReporter -->
<testsuite hostname="homepc" tests="9" failures="0" timestamp="17 Sep 2013 17:25:56 GMT" time="53.421" errors="0">
  <testcase name="testBlogName" time="1.093" classname="MainScript"/>
  <testcase name="testMenuOptions" time="0.391" classname="MainScript"/>
  <testcase name="testSectionsName" time="0.172" classname="MainScript"/>
  <testcase name="testSubMenuOptions1" time="1.39" classname="MainScript"/>
  <testcase name="testSubMenuOptions2" time="0.5" classname="MainScript"/>
  <testcase name="testSubMenuOptions3" time="0.797" classname="MainScript"/>
  <testcase name="testSubMenuOptions4" time="0.485" classname="MainScript"/>
  <testcase name="testSubMenuOptions5" time="0.406" classname="MainScript"/>
  <testcase name="testSubMenuOptions6" time="0.375" classname="MainScript"/>
</testsuite>
