<?xml version="1.0" encoding="UTF-8"?>
<testng-results skipped="0" failed="0" total="9" passed="9">
  <reporter-output>
  </reporter-output>
  <suite name="Default suite" duration-ms="53421" started-at="2013-09-17T17:25:01Z" finished-at="2013-09-17T17:25:55Z">
    <groups>
    </groups>
    <test name="Default test" duration-ms="53421" started-at="2013-09-17T17:25:01Z" finished-at="2013-09-17T17:25:55Z">
      <class name="MainScript">
        <test-method status="PASS" signature="setup()[pri:0, instance:MainScript@465648]" name="setup" is-config="true" duration-ms="46110" started-at="2013-09-17T22:55:01Z" finished-at="2013-09-17T22:55:47Z">
          <reporter-output>
          </reporter-output>
        </test-method> <!-- setup -->
        <test-method status="PASS" signature="testBlogName()[pri:0, instance:MainScript@465648]" name="testBlogName" duration-ms="1093" started-at="2013-09-17T22:55:47Z" description="Blog Name" finished-at="2013-09-17T22:55:48Z">
          <reporter-output>
          </reporter-output>
        </test-method> <!-- testBlogName -->
        <test-method status="PASS" signature="testMenuOptions()[pri:0, instance:MainScript@465648]" name="testMenuOptions" duration-ms="391" started-at="2013-09-17T22:55:48Z" description="Menu Options Name" finished-at="2013-09-17T22:55:49Z">
          <reporter-output>
          </reporter-output>
        </test-method> <!-- testMenuOptions -->
        <test-method status="PASS" signature="testSectionsName()[pri:0, instance:MainScript@465648]" name="testSectionsName" duration-ms="172" started-at="2013-09-17T22:55:49Z" description="Sections Name" finished-at="2013-09-17T22:55:49Z">
          <reporter-output>
          </reporter-output>
        </test-method> <!-- testSectionsName -->
        <test-method status="PASS" signature="testSubMenuOptions1()[pri:0, instance:MainScript@465648]" name="testSubMenuOptions1" duration-ms="1390" started-at="2013-09-17T22:55:49Z" description="Sub Menu Options Name-Contents" finished-at="2013-09-17T22:55:50Z">
          <reporter-output>
          </reporter-output>
        </test-method> <!-- testSubMenuOptions1 -->
        <test-method status="PASS" signature="testSubMenuOptions2()[pri:0, instance:MainScript@465648]" name="testSubMenuOptions2" duration-ms="500" started-at="2013-09-17T22:55:50Z" description="Sub Menu Options Name-Comments" finished-at="2013-09-17T22:55:51Z">
          <reporter-output>
          </reporter-output>
        </test-method> <!-- testSubMenuOptions2 -->
        <test-method status="PASS" signature="testSubMenuOptions3()[pri:0, instance:MainScript@465648]" name="testSubMenuOptions3" duration-ms="797" started-at="2013-09-17T22:55:51Z" description="Sub Menu Options Name-Configuration" finished-at="2013-09-17T22:55:52Z">
          <reporter-output>
          </reporter-output>
        </test-method> <!-- testSubMenuOptions3 -->
        <test-method status="PASS" signature="testSubMenuOptions4()[pri:0, instance:MainScript@465648]" name="testSubMenuOptions4" duration-ms="485" started-at="2013-09-17T22:55:52Z" description="Sub Menu Options Name-Logs" finished-at="2013-09-17T22:55:52Z">
          <reporter-output>
          </reporter-output>
        </test-method> <!-- testSubMenuOptions4 -->
        <test-method status="PASS" signature="testSubMenuOptions5()[pri:0, instance:MainScript@465648]" name="testSubMenuOptions5" duration-ms="406" started-at="2013-09-17T22:55:52Z" description="Sub Menu Options Name-Administration" finished-at="2013-09-17T22:55:52Z">
          <reporter-output>
          </reporter-output>
        </test-method> <!-- testSubMenuOptions5 -->
        <test-method status="PASS" signature="testSubMenuOptions6()[pri:0, instance:MainScript@465648]" name="testSubMenuOptions6" duration-ms="375" started-at="2013-09-17T22:55:52Z" description="Sub Menu Options Name-User" finished-at="2013-09-17T22:55:53Z">
          <reporter-output>
          </reporter-output>
        </test-method> <!-- testSubMenuOptions6 -->
        <test-method status="PASS" signature="afterTest()[pri:0, instance:MainScript@465648]" name="afterTest" is-config="true" duration-ms="1671" started-at="2013-09-17T22:55:53Z" finished-at="2013-09-17T22:55:55Z">
          <reporter-output>
          </reporter-output>
        </test-method> <!-- afterTest -->
      </class> <!-- MainScript -->
    </test> <!-- Default test -->
  </suite> <!-- Default suite -->
</testng-results>
